{"/home/loba/Dokumenty/WebstormWorkspace/OWN/REACT-EQUAL-HEIGHT/react-equal-height/lib/equal-height-context.tsx": {"path":"/home/loba/Dokumenty/WebstormWorkspace/OWN/REACT-EQUAL-HEIGHT/react-equal-height/lib/equal-height-context.tsx","statementMap":{"0":{"start":{"line":12,"column":17},"end":{"line":20,"column":1}},"1":{"start":{"line":14,"column":34},"end":{"line":14,"column":43}},"2":{"start":{"line":15,"column":41},"end":{"line":15,"column":50}},"3":{"start":{"line":16,"column":33},"end":{"line":16,"column":42}},"4":{"start":{"line":17,"column":31},"end":{"line":17,"column":40}},"5":{"start":{"line":22,"column":27},"end":{"line":34,"column":2}},"6":{"start":{"line":35,"column":28},"end":{"line":35,"column":55}},"7":{"start":{"line":36,"column":28},"end":{"line":36,"column":55}}},"fnMap":{"0":{"name":"(anonymous_0)","decl":{"start":{"line":14,"column":28},"end":{"line":14,"column":29}},"loc":{"start":{"line":14,"column":34},"end":{"line":14,"column":43}},"line":14},"1":{"name":"(anonymous_1)","decl":{"start":{"line":15,"column":35},"end":{"line":15,"column":36}},"loc":{"start":{"line":15,"column":41},"end":{"line":15,"column":50}},"line":15},"2":{"name":"(anonymous_2)","decl":{"start":{"line":16,"column":27},"end":{"line":16,"column":28}},"loc":{"start":{"line":16,"column":33},"end":{"line":16,"column":42}},"line":16},"3":{"name":"(anonymous_3)","decl":{"start":{"line":17,"column":25},"end":{"line":17,"column":26}},"loc":{"start":{"line":17,"column":31},"end":{"line":17,"column":40}},"line":17}},"branchMap":{"0":{"loc":{"start":{"line":23,"column":32},"end":{"line":23,"column":58}},"type":"binary-expr","locations":[{"start":{"line":23,"column":32},"end":{"line":23,"column":40}},{"start":{"line":23,"column":44},"end":{"line":23,"column":58}}],"line":23},"1":{"loc":{"start":{"line":24,"column":32},"end":{"line":24,"column":67}},"type":"binary-expr","locations":[{"start":{"line":24,"column":32},"end":{"line":24,"column":40}},{"start":{"line":24,"column":44},"end":{"line":24,"column":67}}],"line":24},"2":{"loc":{"start":{"line":25,"column":32},"end":{"line":25,"column":59}},"type":"binary-expr","locations":[{"start":{"line":25,"column":32},"end":{"line":25,"column":40}},{"start":{"line":25,"column":44},"end":{"line":25,"column":59}}],"line":25},"3":{"loc":{"start":{"line":26,"column":32},"end":{"line":26,"column":67}},"type":"binary-expr","locations":[{"start":{"line":26,"column":32},"end":{"line":26,"column":40}},{"start":{"line":26,"column":44},"end":{"line":26,"column":67}}],"line":26},"4":{"loc":{"start":{"line":27,"column":32},"end":{"line":27,"column":64}},"type":"binary-expr","locations":[{"start":{"line":27,"column":32},"end":{"line":27,"column":40}},{"start":{"line":27,"column":44},"end":{"line":27,"column":64}}],"line":27},"5":{"loc":{"start":{"line":28,"column":32},"end":{"line":28,"column":74}},"type":"binary-expr","locations":[{"start":{"line":28,"column":32},"end":{"line":28,"column":40}},{"start":{"line":28,"column":44},"end":{"line":28,"column":74}}],"line":28},"6":{"loc":{"start":{"line":29,"column":32},"end":{"line":29,"column":66}},"type":"binary-expr","locations":[{"start":{"line":29,"column":32},"end":{"line":29,"column":40}},{"start":{"line":29,"column":44},"end":{"line":29,"column":66}}],"line":29},"7":{"loc":{"start":{"line":30,"column":32},"end":{"line":30,"column":70}},"type":"binary-expr","locations":[{"start":{"line":30,"column":32},"end":{"line":30,"column":40}},{"start":{"line":30,"column":44},"end":{"line":30,"column":70}}],"line":30},"8":{"loc":{"start":{"line":31,"column":32},"end":{"line":31,"column":77}},"type":"binary-expr","locations":[{"start":{"line":31,"column":32},"end":{"line":31,"column":40}},{"start":{"line":31,"column":44},"end":{"line":31,"column":77}}],"line":31},"9":{"loc":{"start":{"line":32,"column":32},"end":{"line":32,"column":69}},"type":"binary-expr","locations":[{"start":{"line":32,"column":32},"end":{"line":32,"column":40}},{"start":{"line":32,"column":44},"end":{"line":32,"column":69}}],"line":32},"10":{"loc":{"start":{"line":33,"column":32},"end":{"line":33,"column":67}},"type":"binary-expr","locations":[{"start":{"line":33,"column":32},"end":{"line":33,"column":40}},{"start":{"line":33,"column":44},"end":{"line":33,"column":67}}],"line":33}},"s":{"0":2,"1":0,"2":0,"3":0,"4":0,"5":2,"6":2,"7":2},"f":{"0":0,"1":0,"2":0,"3":0},"b":{"0":[2,2],"1":[2,2],"2":[2,2],"3":[2,2],"4":[2,2],"5":[2,2],"6":[2,2],"7":[2,2],"8":[2,2],"9":[2,2],"10":[2,2]},"_coverageSchema":"43e27e138ebf9cfc5966b082cf9a028302ed4184","hash":"b80cd9cf8149f7f15324adf1d1ce39006c4568dd"}
,"/home/loba/Dokumenty/WebstormWorkspace/OWN/REACT-EQUAL-HEIGHT/react-equal-height/lib/equal-height-element.tsx": {"path":"/home/loba/Dokumenty/WebstormWorkspace/OWN/REACT-EQUAL-HEIGHT/react-equal-height/lib/equal-height-element.tsx","statementMap":{"0":{"start":{"line":22,"column":27},"end":{"line":117,"column":2}},"1":{"start":{"line":29,"column":8},"end":{"line":29,"column":13}},"2":{"start":{"line":38,"column":8},"end":{"line":38,"column":38}},"3":{"start":{"line":41,"column":32},"end":{"line":41,"column":50}},"4":{"start":{"line":44,"column":25},"end":{"line":44,"column":53}},"5":{"start":{"line":47,"column":22},"end":{"line":63,"column":5}},"6":{"start":{"line":48,"column":8},"end":{"line":48,"column":55}},"7":{"start":{"line":48,"column":47},"end":{"line":48,"column":54}},"8":{"start":{"line":49,"column":35},"end":{"line":49,"column":88}},"9":{"start":{"line":50,"column":8},"end":{"line":50,"column":60}},"10":{"start":{"line":51,"column":34},"end":{"line":51,"column":67}},"11":{"start":{"line":52,"column":8},"end":{"line":52,"column":69}},"12":{"start":{"line":53,"column":8},"end":{"line":58,"column":11}},"13":{"start":{"line":54,"column":12},"end":{"line":57,"column":14}},"14":{"start":{"line":60,"column":8},"end":{"line":62,"column":9}},"15":{"start":{"line":61,"column":12},"end":{"line":61,"column":49}},"16":{"start":{"line":61,"column":38},"end":{"line":61,"column":47}},"17":{"start":{"line":66,"column":4},"end":{"line":74,"column":31}},"18":{"start":{"line":67,"column":8},"end":{"line":67,"column":30}},"19":{"start":{"line":67,"column":22},"end":{"line":67,"column":29}},"20":{"start":{"line":70,"column":8},"end":{"line":70,"column":53}},"21":{"start":{"line":70,"column":42},"end":{"line":70,"column":51}},"22":{"start":{"line":71,"column":8},"end":{"line":73,"column":10}},"23":{"start":{"line":72,"column":12},"end":{"line":72,"column":57}},"24":{"start":{"line":72,"column":46},"end":{"line":72,"column":55}},"25":{"start":{"line":77,"column":4},"end":{"line":81,"column":39}},"26":{"start":{"line":78,"column":8},"end":{"line":78,"column":30}},"27":{"start":{"line":78,"column":22},"end":{"line":78,"column":29}},"28":{"start":{"line":80,"column":8},"end":{"line":80,"column":20}},"29":{"start":{"line":84,"column":4},"end":{"line":92,"column":16}},"30":{"start":{"line":85,"column":8},"end":{"line":85,"column":30}},"31":{"start":{"line":85,"column":22},"end":{"line":85,"column":29}},"32":{"start":{"line":87,"column":37},"end":{"line":87,"column":76}},"33":{"start":{"line":87,"column":60},"end":{"line":87,"column":75}},"34":{"start":{"line":89,"column":8},"end":{"line":91,"column":9}},"35":{"start":{"line":90,"column":12},"end":{"line":90,"column":50}},"36":{"start":{"line":95,"column":46},"end":{"line":98,"column":5}},"37":{"start":{"line":100,"column":4},"end":{"line":102,"column":5}},"38":{"start":{"line":101,"column":8},"end":{"line":101,"column":20}},"39":{"start":{"line":104,"column":4},"end":{"line":116,"column":6}}},"fnMap":{"0":{"name":"(anonymous_0)","decl":{"start":{"line":22,"column":32},"end":{"line":22,"column":33}},"loc":{"start":{"line":22,"column":50},"end":{"line":117,"column":1}},"line":22},"1":{"name":"(anonymous_1)","decl":{"start":{"line":47,"column":22},"end":{"line":47,"column":23}},"loc":{"start":{"line":47,"column":28},"end":{"line":63,"column":5}},"line":47},"2":{"name":"(anonymous_2)","decl":{"start":{"line":53,"column":26},"end":{"line":53,"column":27}},"loc":{"start":{"line":53,"column":36},"end":{"line":58,"column":9}},"line":53},"3":{"name":"(anonymous_3)","decl":{"start":{"line":61,"column":29},"end":{"line":61,"column":30}},"loc":{"start":{"line":61,"column":38},"end":{"line":61,"column":47}},"line":61},"4":{"name":"(anonymous_4)","decl":{"start":{"line":66,"column":14},"end":{"line":66,"column":15}},"loc":{"start":{"line":66,"column":20},"end":{"line":74,"column":5}},"line":66},"5":{"name":"(anonymous_5)","decl":{"start":{"line":70,"column":33},"end":{"line":70,"column":34}},"loc":{"start":{"line":70,"column":42},"end":{"line":70,"column":51}},"line":70},"6":{"name":"(anonymous_6)","decl":{"start":{"line":71,"column":15},"end":{"line":71,"column":16}},"loc":{"start":{"line":71,"column":21},"end":{"line":73,"column":9}},"line":71},"7":{"name":"(anonymous_7)","decl":{"start":{"line":72,"column":37},"end":{"line":72,"column":38}},"loc":{"start":{"line":72,"column":46},"end":{"line":72,"column":55}},"line":72},"8":{"name":"(anonymous_8)","decl":{"start":{"line":77,"column":14},"end":{"line":77,"column":15}},"loc":{"start":{"line":77,"column":26},"end":{"line":81,"column":5}},"line":77},"9":{"name":"(anonymous_9)","decl":{"start":{"line":84,"column":12},"end":{"line":84,"column":13}},"loc":{"start":{"line":84,"column":24},"end":{"line":92,"column":5}},"line":84},"10":{"name":"(anonymous_10)","decl":{"start":{"line":87,"column":53},"end":{"line":87,"column":54}},"loc":{"start":{"line":87,"column":60},"end":{"line":87,"column":75}},"line":87}},"branchMap":{"0":{"loc":{"start":{"line":24,"column":8},"end":{"line":24,"column":21}},"type":"default-arg","locations":[{"start":{"line":24,"column":19},"end":{"line":24,"column":21}}],"line":24},"1":{"loc":{"start":{"line":26,"column":8},"end":{"line":26,"column":19}},"type":"default-arg","locations":[{"start":{"line":26,"column":14},"end":{"line":26,"column":19}}],"line":26},"2":{"loc":{"start":{"line":27,"column":8},"end":{"line":27,"column":27}},"type":"default-arg","locations":[{"start":{"line":27,"column":22},"end":{"line":27,"column":27}}],"line":27},"3":{"loc":{"start":{"line":28,"column":8},"end":{"line":28,"column":23}},"type":"default-arg","locations":[{"start":{"line":28,"column":18},"end":{"line":28,"column":23}}],"line":28},"4":{"loc":{"start":{"line":48,"column":8},"end":{"line":48,"column":55}},"type":"if","locations":[{"start":{"line":48,"column":8},"end":{"line":48,"column":55}},{"start":{"line":48,"column":8},"end":{"line":48,"column":55}}],"line":48},"5":{"loc":{"start":{"line":48,"column":12},"end":{"line":48,"column":44}},"type":"binary-expr","locations":[{"start":{"line":48,"column":12},"end":{"line":48,"column":33}},{"start":{"line":48,"column":37},"end":{"line":48,"column":44}}],"line":48},"6":{"loc":{"start":{"line":60,"column":8},"end":{"line":62,"column":9}},"type":"if","locations":[{"start":{"line":60,"column":8},"end":{"line":62,"column":9}},{"start":{"line":60,"column":8},"end":{"line":62,"column":9}}],"line":60},"7":{"loc":{"start":{"line":67,"column":8},"end":{"line":67,"column":30}},"type":"if","locations":[{"start":{"line":67,"column":8},"end":{"line":67,"column":30}},{"start":{"line":67,"column":8},"end":{"line":67,"column":30}}],"line":67},"8":{"loc":{"start":{"line":78,"column":8},"end":{"line":78,"column":30}},"type":"if","locations":[{"start":{"line":78,"column":8},"end":{"line":78,"column":30}},{"start":{"line":78,"column":8},"end":{"line":78,"column":30}}],"line":78},"9":{"loc":{"start":{"line":85,"column":8},"end":{"line":85,"column":30}},"type":"if","locations":[{"start":{"line":85,"column":8},"end":{"line":85,"column":30}},{"start":{"line":85,"column":8},"end":{"line":85,"column":30}}],"line":85},"10":{"loc":{"start":{"line":89,"column":8},"end":{"line":91,"column":9}},"type":"if","locations":[{"start":{"line":89,"column":8},"end":{"line":91,"column":9}},{"start":{"line":89,"column":8},"end":{"line":91,"column":9}}],"line":89},"11":{"loc":{"start":{"line":89,"column":12},"end":{"line":89,"column":70}},"type":"binary-expr","locations":[{"start":{"line":89,"column":12},"end":{"line":89,"column":17}},{"start":{"line":89,"column":21},"end":{"line":89,"column":40}},{"start":{"line":89,"column":44},"end":{"line":89,"column":70}}],"line":89},"12":{"loc":{"start":{"line":97,"column":28},"end":{"line":97,"column":76}},"type":"cond-expr","locations":[{"start":{"line":97,"column":51},"end":{"line":97,"column":53}},{"start":{"line":97,"column":56},"end":{"line":97,"column":76}}],"line":97},"13":{"loc":{"start":{"line":100,"column":4},"end":{"line":102,"column":5}},"type":"if","locations":[{"start":{"line":100,"column":4},"end":{"line":102,"column":5}},{"start":{"line":100,"column":4},"end":{"line":102,"column":5}}],"line":100},"14":{"loc":{"start":{"line":100,"column":8},"end":{"line":100,"column":33}},"type":"binary-expr","locations":[{"start":{"line":100,"column":8},"end":{"line":100,"column":20}},{"start":{"line":100,"column":24},"end":{"line":100,"column":33}}],"line":100},"15":{"loc":{"start":{"line":106,"column":13},"end":{"line":114,"column":13}},"type":"cond-expr","locations":[{"start":{"line":107,"column":16},"end":{"line":107,"column":24}},{"start":{"line":109,"column":16},"end":{"line":113,"column":44}}],"line":106},"16":{"loc":{"start":{"line":113,"column":19},"end":{"line":113,"column":43}},"type":"binary-expr","locations":[{"start":{"line":113,"column":19},"end":{"line":113,"column":31}},{"start":{"line":113,"column":35},"end":{"line":113,"column":43}}],"line":113}},"s":{"0":2,"1":77,"2":77,"3":77,"4":77,"5":77,"6":42,"7":3,"8":39,"9":39,"10":39,"11":39,"12":39,"13":39,"14":39,"15":39,"16":39,"17":77,"18":18,"19":2,"20":16,"21":16,"22":16,"23":16,"24":7,"25":77,"26":46,"27":4,"28":42,"29":77,"30":50,"31":4,"32":46,"33":38,"34":46,"35":0,"36":77,"37":77,"38":4,"39":73},"f":{"0":77,"1":42,"2":39,"3":39,"4":18,"5":16,"6":16,"7":7,"8":46,"9":50,"10":38},"b":{"0":[6],"1":[74],"2":[71],"3":[68],"4":[3,39],"5":[42,39],"6":[39,0],"7":[2,16],"8":[4,42],"9":[4,46],"10":[0,46],"11":[46,46,34],"12":[0,77],"13":[4,73],"14":[77,75],"15":[6,67],"16":[67,65]},"_coverageSchema":"43e27e138ebf9cfc5966b082cf9a028302ed4184","hash":"c52c0ef1abc7c5efa34c4c2eb84efcad912f3619"}
,"/home/loba/Dokumenty/WebstormWorkspace/OWN/REACT-EQUAL-HEIGHT/react-equal-height/lib/equal-height.tsx": {"path":"/home/loba/Dokumenty/WebstormWorkspace/OWN/REACT-EQUAL-HEIGHT/react-equal-height/lib/equal-height.tsx","statementMap":{"0":{"start":{"line":24,"column":24},"end":{"line":33,"column":1}},"1":{"start":{"line":35,"column":20},"end":{"line":130,"column":2}},"2":{"start":{"line":40,"column":8},"end":{"line":40,"column":13}},"3":{"start":{"line":43,"column":30},"end":{"line":43,"column":76}},"4":{"start":{"line":44,"column":48},"end":{"line":44,"column":103}},"5":{"start":{"line":45,"column":32},"end":{"line":45,"column":80}},"6":{"start":{"line":46,"column":42},"end":{"line":46,"column":100}},"7":{"start":{"line":47,"column":62},"end":{"line":47,"column":140}},"8":{"start":{"line":48,"column":46},"end":{"line":48,"column":108}},"9":{"start":{"line":50,"column":25},"end":{"line":50,"column":74}},"10":{"start":{"line":50,"column":43},"end":{"line":50,"column":69}},"11":{"start":{"line":50,"column":62},"end":{"line":50,"column":68}},"12":{"start":{"line":53,"column":4},"end":{"line":74,"column":11}},"13":{"start":{"line":56,"column":33},"end":{"line":56,"column":104}},"14":{"start":{"line":58,"column":8},"end":{"line":73,"column":9}},"15":{"start":{"line":59,"column":12},"end":{"line":62,"column":30}},"16":{"start":{"line":60,"column":16},"end":{"line":60,"column":42}},"17":{"start":{"line":61,"column":16},"end":{"line":61,"column":71}},"18":{"start":{"line":64,"column":12},"end":{"line":67,"column":30}},"19":{"start":{"line":65,"column":16},"end":{"line":65,"column":53}},"20":{"start":{"line":66,"column":16},"end":{"line":66,"column":82}},"21":{"start":{"line":69,"column":12},"end":{"line":72,"column":14}},"22":{"start":{"line":70,"column":16},"end":{"line":70,"column":67}},"23":{"start":{"line":71,"column":16},"end":{"line":71,"column":78}},"24":{"start":{"line":78,"column":4},"end":{"line":80,"column":45}},"25":{"start":{"line":79,"column":8},"end":{"line":79,"column":23}},"26":{"start":{"line":85,"column":4},"end":{"line":111,"column":24}},"27":{"start":{"line":87,"column":8},"end":{"line":110,"column":9}},"28":{"start":{"line":88,"column":46},"end":{"line":88,"column":48}},"29":{"start":{"line":89,"column":12},"end":{"line":104,"column":15}},"30":{"start":{"line":90,"column":29},"end":{"line":90,"column":46}},"31":{"start":{"line":91,"column":31},"end":{"line":91,"column":50}},"32":{"start":{"line":92,"column":45},"end":{"line":92,"column":92}},"33":{"start":{"line":92,"column":76},"end":{"line":92,"column":91}},"34":{"start":{"line":93,"column":16},"end":{"line":103,"column":17}},"35":{"start":{"line":94,"column":48},"end":{"line":94,"column":82}},"36":{"start":{"line":95,"column":20},"end":{"line":97,"column":21}},"37":{"start":{"line":96,"column":24},"end":{"line":96,"column":68}},"38":{"start":{"line":99,"column":20},"end":{"line":102,"column":22}},"39":{"start":{"line":105,"column":12},"end":{"line":105,"column":36}},"40":{"start":{"line":108,"column":12},"end":{"line":108,"column":34}},"41":{"start":{"line":109,"column":12},"end":{"line":109,"column":32}},"42":{"start":{"line":113,"column":4},"end":{"line":129,"column":6}}},"fnMap":{"0":{"name":"(anonymous_0)","decl":{"start":{"line":35,"column":25},"end":{"line":35,"column":26}},"loc":{"start":{"line":35,"column":43},"end":{"line":130,"column":1}},"line":35},"1":{"name":"(anonymous_1)","decl":{"start":{"line":50,"column":37},"end":{"line":50,"column":38}},"loc":{"start":{"line":50,"column":43},"end":{"line":50,"column":69}},"line":50},"2":{"name":"(anonymous_2)","decl":{"start":{"line":50,"column":53},"end":{"line":50,"column":54}},"loc":{"start":{"line":50,"column":62},"end":{"line":50,"column":68}},"line":50},"3":{"name":"(anonymous_3)","decl":{"start":{"line":53,"column":14},"end":{"line":53,"column":15}},"loc":{"start":{"line":53,"column":20},"end":{"line":74,"column":5}},"line":53},"4":{"name":"(anonymous_4)","decl":{"start":{"line":59,"column":56},"end":{"line":59,"column":57}},"loc":{"start":{"line":59,"column":62},"end":{"line":62,"column":13}},"line":59},"5":{"name":"(anonymous_5)","decl":{"start":{"line":64,"column":67},"end":{"line":64,"column":68}},"loc":{"start":{"line":64,"column":73},"end":{"line":67,"column":13}},"line":64},"6":{"name":"(anonymous_6)","decl":{"start":{"line":69,"column":19},"end":{"line":69,"column":20}},"loc":{"start":{"line":69,"column":25},"end":{"line":72,"column":13}},"line":69},"7":{"name":"(anonymous_7)","decl":{"start":{"line":78,"column":12},"end":{"line":78,"column":13}},"loc":{"start":{"line":78,"column":18},"end":{"line":80,"column":5}},"line":78},"8":{"name":"(anonymous_8)","decl":{"start":{"line":85,"column":12},"end":{"line":85,"column":13}},"loc":{"start":{"line":85,"column":18},"end":{"line":111,"column":5}},"line":85},"9":{"name":"(anonymous_9)","decl":{"start":{"line":89,"column":31},"end":{"line":89,"column":32}},"loc":{"start":{"line":89,"column":49},"end":{"line":104,"column":13}},"line":89},"10":{"name":"(anonymous_10)","decl":{"start":{"line":92,"column":69},"end":{"line":92,"column":70}},"loc":{"start":{"line":92,"column":76},"end":{"line":92,"column":91}},"line":92}},"branchMap":{"0":{"loc":{"start":{"line":38,"column":8},"end":{"line":38,"column":34}},"type":"default-arg","locations":[{"start":{"line":38,"column":18},"end":{"line":38,"column":34}}],"line":38},"1":{"loc":{"start":{"line":39,"column":8},"end":{"line":39,"column":48}},"type":"default-arg","locations":[{"start":{"line":39,"column":25},"end":{"line":39,"column":48}}],"line":39},"2":{"loc":{"start":{"line":56,"column":33},"end":{"line":56,"column":104}},"type":"binary-expr","locations":[{"start":{"line":56,"column":33},"end":{"line":56,"column":62}},{"start":{"line":56,"column":66},"end":{"line":56,"column":104}}],"line":56},"3":{"loc":{"start":{"line":58,"column":8},"end":{"line":73,"column":9}},"type":"if","locations":[{"start":{"line":58,"column":8},"end":{"line":73,"column":9}},{"start":{"line":58,"column":8},"end":{"line":73,"column":9}}],"line":58},"4":{"loc":{"start":{"line":59,"column":46},"end":{"line":62,"column":28}},"type":"cond-expr","locations":[{"start":{"line":59,"column":56},"end":{"line":62,"column":13}},{"start":{"line":62,"column":16},"end":{"line":62,"column":28}}],"line":59},"5":{"loc":{"start":{"line":64,"column":57},"end":{"line":67,"column":28}},"type":"cond-expr","locations":[{"start":{"line":64,"column":67},"end":{"line":67,"column":13}},{"start":{"line":67,"column":16},"end":{"line":67,"column":28}}],"line":64},"6":{"loc":{"start":{"line":87,"column":8},"end":{"line":110,"column":9}},"type":"if","locations":[{"start":{"line":87,"column":8},"end":{"line":110,"column":9}},{"start":{"line":87,"column":8},"end":{"line":110,"column":9}}],"line":87},"7":{"loc":{"start":{"line":93,"column":16},"end":{"line":103,"column":17}},"type":"if","locations":[{"start":{"line":93,"column":16},"end":{"line":103,"column":17}},{"start":{"line":93,"column":16},"end":{"line":103,"column":17}}],"line":93},"8":{"loc":{"start":{"line":95,"column":20},"end":{"line":97,"column":21}},"type":"if","locations":[{"start":{"line":95,"column":20},"end":{"line":97,"column":21}},{"start":{"line":95,"column":20},"end":{"line":97,"column":21}}],"line":95}},"s":{"0":2,"1":2,"2":68,"3":68,"4":68,"5":68,"6":68,"7":68,"8":68,"9":68,"10":24,"11":22,"12":68,"13":8,"14":8,"15":8,"16":0,"17":0,"18":8,"19":0,"20":0,"21":8,"22":8,"23":8,"24":68,"25":22,"26":68,"27":45,"28":25,"29":25,"30":38,"31":38,"32":38,"33":24,"34":38,"35":22,"36":22,"37":0,"38":16,"39":25,"40":25,"41":25,"42":68},"f":{"0":68,"1":24,"2":22,"3":8,"4":0,"5":0,"6":8,"7":22,"8":45,"9":38,"10":24},"b":{"0":[62],"1":[68],"2":[8,8],"3":[8,0],"4":[6,2],"5":[6,2],"6":[25,20],"7":[22,16],"8":[0,22]},"_coverageSchema":"43e27e138ebf9cfc5966b082cf9a028302ed4184","hash":"1be06739e10f0b46401bd73b9bcbaba58af408cc"}
,"/home/loba/Dokumenty/WebstormWorkspace/OWN/REACT-EQUAL-HEIGHT/react-equal-height/lib/index.tsx": {"path":"/home/loba/Dokumenty/WebstormWorkspace/OWN/REACT-EQUAL-HEIGHT/react-equal-height/lib/index.tsx","statementMap":{},"fnMap":{},"branchMap":{},"s":{},"f":{},"b":{},"_coverageSchema":"43e27e138ebf9cfc5966b082cf9a028302ed4184","hash":"9e4697b82865a30f2b3fb582fa78f24bf19a25ce"}
}
