TN:
SF:/home/loba/Dokumenty/WebstormWorkspace/OWN/REACT-EQUAL-HEIGHT/react-equal-height/lib/equal-height-context.tsx
FN:14,(anonymous_0)
FN:15,(anonymous_1)
FN:16,(anonymous_2)
FN:17,(anonymous_3)
FNF:4
FNH:0
FNDA:0,(anonymous_0)
FNDA:0,(anonymous_1)
FNDA:0,(anonymous_2)
FNDA:0,(anonymous_3)
DA:12,2
DA:14,0
DA:15,0
DA:16,0
DA:17,0
DA:22,2
DA:35,2
DA:36,2
LF:8
LH:4
BRDA:23,0,0,2
BRDA:23,0,1,2
BRDA:24,1,0,2
BRDA:24,1,1,2
BRDA:25,2,0,2
BRDA:25,2,1,2
BRDA:26,3,0,2
BRDA:26,3,1,2
BRDA:27,4,0,2
BRDA:27,4,1,2
BRDA:28,5,0,2
BRDA:28,5,1,2
BRDA:29,6,0,2
BRDA:29,6,1,2
BRDA:30,7,0,2
BRDA:30,7,1,2
BRDA:31,8,0,2
BRDA:31,8,1,2
BRDA:32,9,0,2
BRDA:32,9,1,2
BRDA:33,10,0,2
BRDA:33,10,1,2
BRF:22
BRH:22
end_of_record
TN:
SF:/home/loba/Dokumenty/WebstormWorkspace/OWN/REACT-EQUAL-HEIGHT/react-equal-height/lib/equal-height-element.tsx
FN:22,(anonymous_0)
FN:47,(anonymous_1)
FN:53,(anonymous_2)
FN:61,(anonymous_3)
FN:66,(anonymous_4)
FN:70,(anonymous_5)
FN:71,(anonymous_6)
FN:72,(anonymous_7)
FN:77,(anonymous_8)
FN:84,(anonymous_9)
FN:87,(anonymous_10)
FNF:11
FNH:11
FNDA:77,(anonymous_0)
FNDA:42,(anonymous_1)
FNDA:39,(anonymous_2)
FNDA:39,(anonymous_3)
FNDA:18,(anonymous_4)
FNDA:16,(anonymous_5)
FNDA:16,(anonymous_6)
FNDA:7,(anonymous_7)
FNDA:46,(anonymous_8)
FNDA:50,(anonymous_9)
FNDA:38,(anonymous_10)
DA:22,2
DA:29,77
DA:38,77
DA:41,77
DA:44,77
DA:47,77
DA:48,42
DA:49,39
DA:50,39
DA:51,39
DA:52,39
DA:53,39
DA:54,39
DA:60,39
DA:61,39
DA:66,77
DA:67,18
DA:70,16
DA:71,16
DA:72,16
DA:77,77
DA:78,46
DA:80,42
DA:84,77
DA:85,50
DA:87,46
DA:89,46
DA:90,0
DA:95,77
DA:100,77
DA:101,4
DA:104,73
LF:32
LH:31
BRDA:24,0,0,6
BRDA:26,1,0,74
BRDA:27,2,0,71
BRDA:28,3,0,68
BRDA:48,4,0,3
BRDA:48,4,1,39
BRDA:48,5,0,42
BRDA:48,5,1,39
BRDA:60,6,0,39
BRDA:60,6,1,0
BRDA:67,7,0,2
BRDA:67,7,1,16
BRDA:78,8,0,4
BRDA:78,8,1,42
BRDA:85,9,0,4
BRDA:85,9,1,46
BRDA:89,10,0,0
BRDA:89,10,1,46
BRDA:89,11,0,46
BRDA:89,11,1,46
BRDA:89,11,2,34
BRDA:97,12,0,0
BRDA:97,12,1,77
BRDA:100,13,0,4
BRDA:100,13,1,73
BRDA:100,14,0,77
BRDA:100,14,1,75
BRDA:106,15,0,6
BRDA:106,15,1,67
BRDA:113,16,0,67
BRDA:113,16,1,65
BRF:31
BRH:28
end_of_record
TN:
SF:/home/loba/Dokumenty/WebstormWorkspace/OWN/REACT-EQUAL-HEIGHT/react-equal-height/lib/equal-height.tsx
FN:35,(anonymous_0)
FN:50,(anonymous_1)
FN:50,(anonymous_2)
FN:53,(anonymous_3)
FN:59,(anonymous_4)
FN:64,(anonymous_5)
FN:69,(anonymous_6)
FN:78,(anonymous_7)
FN:85,(anonymous_8)
FN:89,(anonymous_9)
FN:92,(anonymous_10)
FNF:11
FNH:9
FNDA:68,(anonymous_0)
FNDA:24,(anonymous_1)
FNDA:22,(anonymous_2)
FNDA:8,(anonymous_3)
FNDA:0,(anonymous_4)
FNDA:0,(anonymous_5)
FNDA:8,(anonymous_6)
FNDA:22,(anonymous_7)
FNDA:45,(anonymous_8)
FNDA:38,(anonymous_9)
FNDA:24,(anonymous_10)
DA:24,2
DA:35,2
DA:40,68
DA:43,68
DA:44,68
DA:45,68
DA:46,68
DA:47,68
DA:48,68
DA:50,68
DA:53,68
DA:56,8
DA:58,8
DA:59,8
DA:60,0
DA:61,0
DA:64,8
DA:65,0
DA:66,0
DA:69,8
DA:70,8
DA:71,8
DA:78,68
DA:79,22
DA:85,68
DA:87,45
DA:88,25
DA:89,25
DA:90,38
DA:91,38
DA:92,38
DA:93,38
DA:94,22
DA:95,22
DA:96,0
DA:99,16
DA:105,25
DA:108,25
DA:109,25
DA:113,68
LF:40
LH:35
BRDA:38,0,0,62
BRDA:39,1,0,68
BRDA:56,2,0,8
BRDA:56,2,1,8
BRDA:58,3,0,8
BRDA:58,3,1,0
BRDA:59,4,0,6
BRDA:59,4,1,2
BRDA:64,5,0,6
BRDA:64,5,1,2
BRDA:87,6,0,25
BRDA:87,6,1,20
BRDA:93,7,0,22
BRDA:93,7,1,16
BRDA:95,8,0,0
BRDA:95,8,1,22
BRF:16
BRH:14
end_of_record
TN:
SF:/home/loba/Dokumenty/WebstormWorkspace/OWN/REACT-EQUAL-HEIGHT/react-equal-height/lib/index.tsx
FNF:0
FNH:0
LF:0
LH:0
BRF:0
BRH:0
end_of_record
